<?xml version="1.0" encoding="UTF-8"?>
<!-- Generated by org.testng.reporters.JUnitReportReporter -->
<testsuite ignored="0" hostname="Dharny" failures="0" tests="6" name="com.W3School.Home" time="13.511" errors="0" timestamp="23 Sept 2024 15:31:43 GMT" skipped="0">
  <testcase classname="com.W3School.Home" name="test" time="0.656"/>
  <testcase classname="com.W3School.Home" name="test" time="0.356"/>
  <testcase classname="com.W3School.Home" name="all_nav_elements" time="2.260"/>
  <testcase classname="com.W3School.Home" name="LaunchingApplication" time="6.094"/>
  <testcase classname="com.W3School.Home" name="test" time="0.384"/>
  <testcase classname="com.W3School.Home" name="Dark_mode" time="3.761"/>
</testsuite> <!-- com.W3School.Home -->
